Unity Editor version:    2020.3.20f1 (41c4e627c95f)
Branch:                  2020.3/staging
Build type:              Release
Batch mode:              YES
macOS version:           Version 11.6 (Build 20G165)
Darwin version:          20.6.0
Architecture:            x86_64
Running under Rosetta:   NO
Available memory:        16384 MB
Using pre-set license
Pro License: NO

COMMAND LINE ARGUMENTS:
/Applications/Unity/Hub/Editor/2020.3.20f1/Unity.app/Contents/MacOS/Unity
-adb2
-batchMode
-noUpm
-name
AssetImportWorker0
-projectPath
/Users/sabihsaleem/Documents/New Unity Project (3)
-logFile
Logs/AssetImportWorker0.log
-srvPort
54147
Successfully changed project path to: /Users/sabihsaleem/Documents/New Unity Project (3)
/Users/sabihsaleem/Documents/New Unity Project (3)
Using Asset Import Pipeline V2.
Refreshing native plugins compatible for Editor in 100.81 ms, found 2 plugins.
Preloading 0 native plugins for Editor in 0.00 ms.
Initialize engine version: 2020.3.20f1 (41c4e627c95f)
[Subsystems] Discovering subsystems at path /Applications/Unity/Hub/Editor/2020.3.20f1/Unity.app/Contents/Resources/UnitySubsystems
[Subsystems] Discovering subsystems at path /Users/sabihsaleem/Documents/New Unity Project (3)/Assets
GfxDevice: creating device client; threaded=0
2021-11-15 20:19:02.480 Unity[70249:7469000] Color LCD preferred device: Intel Iris Pro Graphics (low power)
2021-11-15 20:19:02.480 Unity[70249:7469000] Metal devices available: 1
2021-11-15 20:19:02.480 Unity[70249:7469000] 0: Intel Iris Pro Graphics (low power)
2021-11-15 20:19:02.480 Unity[70249:7469000] Using device Intel Iris Pro Graphics (low power)
Initializing Metal device caps: Intel Iris Pro Graphics
Initialize mono
Mono path[0] = '/Applications/Unity/Hub/Editor/2020.3.20f1/Unity.app/Contents/Managed'
Mono path[1] = '/Applications/Unity/Hub/Editor/2020.3.20f1/Unity.app/Contents/MonoBleedingEdge/lib/mono/unityjit'
Mono config path = '/Applications/Unity/Hub/Editor/2020.3.20f1/Unity.app/Contents/MonoBleedingEdge/etc'
Using monoOptions --debugger-agent=transport=dt_socket,embedding=1,server=y,suspend=n,address=127.0.0.1:56249
Begin MonoManager ReloadAssembly
Registering precompiled unity dll's ...
Register platform support module: /Applications/Unity/Hub/Editor/2020.3.20f1/PlaybackEngines/WebGLSupport/UnityEditor.WebGL.Extensions.dll
Register platform support module: /Applications/Unity/Hub/Editor/2020.3.20f1/Unity.app/Contents/PlaybackEngines/MacStandaloneSupport/UnityEditor.OSXStandalone.Extensions.dll
Register platform support module: /Applications/Unity/Hub/Editor/2020.3.20f1/PlaybackEngines/WindowsStandaloneSupport/UnityEditor.WindowsStandalone.Extensions.dll
Registered in 0.004482 seconds.
Native extension for WindowsStandalone target not found
Native extension for OSXStandalone target not found
Native extension for WebGL target not found
Refreshing native plugins compatible for Editor in 93.67 ms, found 2 plugins.
Preloading 0 native plugins for Editor in 0.00 ms.
Mono: successfully reloaded assembly
- Completed reload, in  8.755 seconds
Domain Reload Profiling:
	ReloadAssembly (8755ms)
		BeginReloadAssembly (143ms)
			ExecutionOrderSort (0ms)
			DisableScriptedObjects (0ms)
			BackupInstance (0ms)
			ReleaseScriptingObjects (0ms)
			CreateAndSetChildDomain (2ms)
		EndReloadAssembly (1325ms)
			LoadAssemblies (144ms)
			RebuildTransferFunctionScriptingTraits (0ms)
			SetupTypeCache (526ms)
			ReleaseScriptCaches (0ms)
			RebuildScriptCaches (114ms)
			SetupLoadedEditorAssemblies (523ms)
				LogAssemblyErrors (0ms)
				InitializePlatformSupportModulesInManaged (16ms)
				SetLoadedEditorAssemblies (1ms)
				RefreshPlugins (94ms)
				BeforeProcessingInitializeOnLoad (22ms)
				ProcessInitializeOnLoadAttributes (297ms)
				ProcessInitializeOnLoadMethodAttributes (92ms)
				AfterProcessingInitializeOnLoad (0ms)
				EditorAssembliesLoaded (1ms)
			ExecutionOrderSort2 (0ms)
			AwakeInstancesAfterBackupRestoration (0ms)
Platform modules already initialized, skipping
Registering precompiled user dll's ...
Registered in 0.005768 seconds.
Begin MonoManager ReloadAssembly
Native extension for WindowsStandalone target not found
Native extension for OSXStandalone target not found
Native extension for WebGL target not found
Refreshing native plugins compatible for Editor in 78.95 ms, found 2 plugins.
Preloading 0 native plugins for Editor in 0.00 ms.
Mono: successfully reloaded assembly
- Completed reload, in  3.113 seconds
Domain Reload Profiling:
	ReloadAssembly (3115ms)
		BeginReloadAssembly (415ms)
			ExecutionOrderSort (0ms)
			DisableScriptedObjects (18ms)
			BackupInstance (0ms)
			ReleaseScriptingObjects (0ms)
			CreateAndSetChildDomain (80ms)
		EndReloadAssembly (2518ms)
			LoadAssemblies (201ms)
			RebuildTransferFunctionScriptingTraits (0ms)
			SetupTypeCache (889ms)
			ReleaseScriptCaches (1ms)
			RebuildScriptCaches (138ms)
			SetupLoadedEditorAssemblies (959ms)
				LogAssemblyErrors (0ms)
				InitializePlatformSupportModulesInManaged (16ms)
				SetLoadedEditorAssemblies (1ms)
				RefreshPlugins (79ms)
				BeforeProcessingInitializeOnLoad (122ms)
				ProcessInitializeOnLoadAttributes (716ms)
				ProcessInitializeOnLoadMethodAttributes (18ms)
				AfterProcessingInitializeOnLoad (6ms)
				EditorAssembliesLoaded (1ms)
			ExecutionOrderSort2 (0ms)
			AwakeInstancesAfterBackupRestoration (18ms)
Platform modules already initialized, skipping
Validating Project structure ... 0.019837 seconds.
Shader import version has changed; will reimport all shaders...
Upgrading shader files ...0.018230 seconds.
Application.AssetDatabase Initial Script Refresh Start
RefreshInfo: InitialScriptRefreshV2(NoUpdateAssetOptions) scanfilter:  ... 1 filters
RefreshProfiler: Total: 0.000ms
Application.AssetDatabase Initial Script Refresh End
Application.AssetDatabase.Refresh Start
Application.AssetDatabase.Refresh End
RefreshInfo: StopAssetImportingV2(ForceSynchronousImport) scanfilter: 
RefreshProfiler: Total: 0.000ms
Launching external process: /Applications/Unity/Hub/Editor/2020.3.20f1/Unity.app/Contents/Tools/UnityShaderCompiler
Launched and connected shader compiler UnityShaderCompiler after 0.03 seconds
Initializing Unity extensions:
========================================================================
Worker process is ready to serve import requests
Refreshing native plugins compatible for Editor in 0.49 ms, found 2 plugins.
Preloading 0 native plugins for Editor in 0.00 ms.
Unloading 1699 Unused Serialized files (Serialized files now loaded: 0)
System memory in use before: 178.0 MB.
System memory in use after: 177.2 MB.

Unloading 90 unused Assets to reduce memory usage. Loaded Objects now: 2174.
Total: 6.324614 ms (FindLiveObjects: 0.295755 ms CreateObjectMapping: 0.144607 ms MarkObjects: 4.881378 ms  DeleteObjects: 1.000508 ms)

AssetImportParameters requested are different than current active one (requested -> active):
  custom:video-decoder-ogg-theora: a1e56fd34408186e4bbccfd4996cb3dc -> 
  custom:container-muxer-webm: aa71ff27fc2769a1b78a27578f13a17b -> 
  custom:container-demuxer-webm: 4f35f7cbe854078d1ac9338744f61a02 -> 
  custom:container-demuxer-ogg: 62fdf1f143b41e24485cea50d1cbac27 -> 
  custom:video-encoder-webm-vp8: eb34c28f22e8b96e1ab97ce403110664 -> 
  custom:framework-osx-AVFoundation: e770b220cccbd017edd2c1fefb359320 -> 
  custom:video-decoder-webm-vp8: 9c59270c3fd7afecdb556c50c9e8de78 -> 
  custom:audio-decoder-ogg-vorbis: bf7c407c2cedff20999df2af8eb42d56 -> 
  custom:audio-encoder-webm-vorbis: bf7c407c2cedff20999df2af8eb42d56 -> 
========================================================================
Received Import Request.
  path: Assets/Scenes/SampleScene1.unity
  artifactKey: Guid(75d01802ae4bd4b148ce39fb5302ded7) Importer(815301076,1909f56bfc062723c751e8b465ee728b)
Start importing Assets/Scenes/SampleScene1.unity using Guid(75d01802ae4bd4b148ce39fb5302ded7) Importer(815301076,1909f56bfc062723c751e8b465ee728b)  -> (artifact id: '5a58ee3a6b19bf4033708651c3d1c583') in 0.016146 seconds 
  Import took 0.021712 seconds .

========================================================================
Received Import Request.
  Time since last request: 39.565541 seconds.
  path: Assets/Characters
  artifactKey: Guid(1e855f8607c904dfaaed344de19b1f94) Importer(815301076,1909f56bfc062723c751e8b465ee728b)
Start importing Assets/Characters using Guid(1e855f8607c904dfaaed344de19b1f94) Importer(815301076,1909f56bfc062723c751e8b465ee728b)  -> (artifact id: '16ed2cb2bf46aab7ff73f26041998551') in 0.004661 seconds 
  Import took 0.012852 seconds .

========================================================================
Received Import Request.
  Time since last request: 19.309793 seconds.
  path: Assets/Characters/ybot@Idle.fbx
  artifactKey: Guid(1cb53e05fbe47400ca95d50ed3d29c0a) Importer(815301076,1909f56bfc062723c751e8b465ee728b)
Start importing Assets/Characters/ybot@Idle.fbx using Guid(1cb53e05fbe47400ca95d50ed3d29c0a) Importer(815301076,1909f56bfc062723c751e8b465ee728b)  -> (artifact id: 'e6369af26ed94d35c47763b862586662') in 4.577911 seconds 
  Import took 4.586794 seconds .

========================================================================
Received Import Request.
  Time since last request: 0.008621 seconds.
  path: Assets/Characters/ybot@Standard Walk.fbx
  artifactKey: Guid(df16acf9460834f89bc0e69609929bf3) Importer(815301076,1909f56bfc062723c751e8b465ee728b)
Start importing Assets/Characters/ybot@Standard Walk.fbx using Guid(df16acf9460834f89bc0e69609929bf3) Importer(815301076,1909f56bfc062723c751e8b465ee728b)  -> (artifact id: '8bbf947741411f4eb55c7fae152cf58a') in 0.225182 seconds 
  Import took 0.232259 seconds .

========================================================================
Received Import Request.
  Time since last request: 0.001066 seconds.
  path: Assets/Characters/ybot@Running.fbx
  artifactKey: Guid(7c4e9f19731db4ac5ab3474f3a63f986) Importer(815301076,1909f56bfc062723c751e8b465ee728b)
Start importing Assets/Characters/ybot@Running.fbx using Guid(7c4e9f19731db4ac5ab3474f3a63f986) Importer(815301076,1909f56bfc062723c751e8b465ee728b)  -> (artifact id: 'c0feaed4fbce8308fe33877cad15788c') in 0.233744 seconds 
  Import took 0.241180 seconds .

========================================================================
Received Import Request.
  Time since last request: 21.800768 seconds.
  path: Assets/Characters/Idle.fbx
  artifactKey: Guid(1cb53e05fbe47400ca95d50ed3d29c0a) Importer(815301076,1909f56bfc062723c751e8b465ee728b)
Start importing Assets/Characters/Idle.fbx using Guid(1cb53e05fbe47400ca95d50ed3d29c0a) Importer(815301076,1909f56bfc062723c751e8b465ee728b)  -> (artifact id: '360c9236371f402aa5e33ec22f05dedd') in 0.257611 seconds 
  Import took 0.266108 seconds .

========================================================================
Received Import Request.
  Time since last request: 6.828543 seconds.
  path: Assets/Characters/Running.fbx
  artifactKey: Guid(7c4e9f19731db4ac5ab3474f3a63f986) Importer(815301076,1909f56bfc062723c751e8b465ee728b)
Start importing Assets/Characters/Running.fbx using Guid(7c4e9f19731db4ac5ab3474f3a63f986) Importer(815301076,1909f56bfc062723c751e8b465ee728b)  -> (artifact id: '59598fd2f2f742099453de60b40debae') in 0.263304 seconds 
  Import took 0.273351 seconds .

========================================================================
Received Import Request.
  Time since last request: 10.324946 seconds.
  path: Assets/Characters/Standard Walk.fbx
  artifactKey: Guid(df16acf9460834f89bc0e69609929bf3) Importer(815301076,1909f56bfc062723c751e8b465ee728b)
Start importing Assets/Characters/Standard Walk.fbx using Guid(df16acf9460834f89bc0e69609929bf3) Importer(815301076,1909f56bfc062723c751e8b465ee728b)  -> (artifact id: 'c8bb9083edfad010ce34de0651a043ec') in 0.256933 seconds 
  Import took 0.265832 seconds .

========================================================================
Received Import Request.
  Time since last request: 56.750322 seconds.
  path: Assets/Materials/New Material.mat
  artifactKey: Guid(48db3d3ba51ee4540a46b580dad0d63d) Importer(815301076,1909f56bfc062723c751e8b465ee728b)
Start importing Assets/Materials/New Material.mat using Guid(48db3d3ba51ee4540a46b580dad0d63d) Importer(815301076,1909f56bfc062723c751e8b465ee728b)  -> (artifact id: '19d92c181bdf62e4668045ccdc4d6ab5') in 4.716767 seconds 
  Import took 4.724393 seconds .

========================================================================
Received Import Request.
  Time since last request: 142.739496 seconds.
  path: Assets/Characters/Running.fbx
  artifactKey: Guid(7c4e9f19731db4ac5ab3474f3a63f986) Importer(815301076,1909f56bfc062723c751e8b465ee728b)
Start importing Assets/Characters/Running.fbx using Guid(7c4e9f19731db4ac5ab3474f3a63f986) Importer(815301076,1909f56bfc062723c751e8b465ee728b)  -> (artifact id: '625c3350469ab0c29e3055fb66eaaff4') in 0.293422 seconds 
  Import took 0.300560 seconds .

========================================================================
Received Import Request.
  Time since last request: 0.000614 seconds.
  path: Assets/Characters/Standard Walk.fbx
  artifactKey: Guid(df16acf9460834f89bc0e69609929bf3) Importer(815301076,1909f56bfc062723c751e8b465ee728b)
Start importing Assets/Characters/Standard Walk.fbx using Guid(df16acf9460834f89bc0e69609929bf3) Importer(815301076,1909f56bfc062723c751e8b465ee728b)  -> (artifact id: '1b4da39e5910d2275a5b00acd647fb6b') in 0.253360 seconds 
  Import took 0.259614 seconds .

========================================================================
Received Import Request.
  Time since last request: 0.001024 seconds.
  path: Assets/Characters/Idle.fbx
  artifactKey: Guid(1cb53e05fbe47400ca95d50ed3d29c0a) Importer(815301076,1909f56bfc062723c751e8b465ee728b)
Start importing Assets/Characters/Idle.fbx using Guid(1cb53e05fbe47400ca95d50ed3d29c0a) Importer(815301076,1909f56bfc062723c751e8b465ee728b)  -> (artifact id: 'c00c45805ad6fcd5332282fcb3e16f48') in 0.280471 seconds 
  Import took 0.287028 seconds .

========================================================================
Received Import Request.
  Time since last request: 57.205315 seconds.
  path: Assets/Characters/Running.fbx
  artifactKey: Guid(7c4e9f19731db4ac5ab3474f3a63f986) Importer(815301076,1909f56bfc062723c751e8b465ee728b)
Start importing Assets/Characters/Running.fbx using Guid(7c4e9f19731db4ac5ab3474f3a63f986) Importer(815301076,1909f56bfc062723c751e8b465ee728b)  -> (artifact id: '9ae5b73b3e74c389fd1dc248faaeaad0') in 0.301689 seconds 
  Import took 0.308781 seconds .

========================================================================
Received Import Request.
  Time since last request: 20.791564 seconds.
  path: Assets/Characters/Running.fbx
  artifactKey: Guid(7c4e9f19731db4ac5ab3474f3a63f986) Importer(815301076,1909f56bfc062723c751e8b465ee728b)
Start importing Assets/Characters/Running.fbx using Guid(7c4e9f19731db4ac5ab3474f3a63f986) Importer(815301076,1909f56bfc062723c751e8b465ee728b)  -> (artifact id: '2570a5915d759456a5e9ee8b517b9672') in 0.295262 seconds 
  Import took 0.302503 seconds .

========================================================================
Received Import Request.
  Time since last request: 98.715522 seconds.
  path: Assets/Characters/Running.fbx
  artifactKey: Guid(7c4e9f19731db4ac5ab3474f3a63f986) Importer(815301076,1909f56bfc062723c751e8b465ee728b)
Start importing Assets/Characters/Running.fbx using Guid(7c4e9f19731db4ac5ab3474f3a63f986) Importer(815301076,1909f56bfc062723c751e8b465ee728b)  -> (artifact id: '8ec2554cded9392c9aacd8454a7a50b4') in 0.270191 seconds 
  Import took 0.278222 seconds .

========================================================================
Received Import Request.
  Time since last request: 11.158342 seconds.
  path: Assets/Characters/Running.fbx
  artifactKey: Guid(7c4e9f19731db4ac5ab3474f3a63f986) Importer(815301076,1909f56bfc062723c751e8b465ee728b)
Start importing Assets/Characters/Running.fbx using Guid(7c4e9f19731db4ac5ab3474f3a63f986) Importer(815301076,1909f56bfc062723c751e8b465ee728b)  -> (artifact id: 'd25ca70ea32f23ba17702489c536c1a9') in 0.280984 seconds 
  Import took 0.288933 seconds .

========================================================================
Received Import Request.
  Time since last request: 73.120707 seconds.
  path: Assets/Characters/Running.fbx
  artifactKey: Guid(7c4e9f19731db4ac5ab3474f3a63f986) Importer(815301076,1909f56bfc062723c751e8b465ee728b)
Start importing Assets/Characters/Running.fbx using Guid(7c4e9f19731db4ac5ab3474f3a63f986) Importer(815301076,1909f56bfc062723c751e8b465ee728b)  -> (artifact id: '15720dd3fc1ae2646aa66f9ff945afa1') in 0.270091 seconds 
  Import took 0.278460 seconds .

========================================================================
Received Import Request.
  Time since last request: 103.703963 seconds.
  path: Assets/Characters/mixamo.com.anim
  artifactKey: Guid(acc9fcab3425e4b3180572e52ba2f13b) Importer(815301076,1909f56bfc062723c751e8b465ee728b)
Start importing Assets/Characters/mixamo.com.anim using Guid(acc9fcab3425e4b3180572e52ba2f13b) Importer(815301076,1909f56bfc062723c751e8b465ee728b)  -> (artifact id: '41598448a156909ffea94911ad539f4e') in 1.790117 seconds 
  Import took 1.798841 seconds .

========================================================================
Received Import Request.
  Time since last request: 11.158725 seconds.
  path: Assets/Characters/Running.anim
  artifactKey: Guid(acc9fcab3425e4b3180572e52ba2f13b) Importer(815301076,1909f56bfc062723c751e8b465ee728b)
Start importing Assets/Characters/Running.anim using Guid(acc9fcab3425e4b3180572e52ba2f13b) Importer(815301076,1909f56bfc062723c751e8b465ee728b)  -> (artifact id: 'eba5865fd4f0e027dc27555aa6e7daac') in 0.022487 seconds 
  Import took 0.030109 seconds .

========================================================================
Received Import Request.
  Time since last request: 8.976992 seconds.
  path: Assets/Characters/mixamo.com.anim
  artifactKey: Guid(9666a757896304de496033e16ecfe4e4) Importer(815301076,1909f56bfc062723c751e8b465ee728b)
Start importing Assets/Characters/mixamo.com.anim using Guid(9666a757896304de496033e16ecfe4e4) Importer(815301076,1909f56bfc062723c751e8b465ee728b)  -> (artifact id: '19bfcb3de98782fc3303b8a22bd6594b') in 0.038446 seconds 
  Import took 0.047113 seconds .

========================================================================
Received Import Request.
  Time since last request: 4.546216 seconds.
  path: Assets/Characters/Idle.anim
  artifactKey: Guid(9666a757896304de496033e16ecfe4e4) Importer(815301076,1909f56bfc062723c751e8b465ee728b)
Start importing Assets/Characters/Idle.anim using Guid(9666a757896304de496033e16ecfe4e4) Importer(815301076,1909f56bfc062723c751e8b465ee728b)  -> (artifact id: '7209af8d96c112cf93e89d032f76cc9e') in 0.025836 seconds 
  Import took 0.032518 seconds .

========================================================================
Received Import Request.
  Time since last request: 10.351480 seconds.
  path: Assets/Characters/mixamo.com.anim
  artifactKey: Guid(392f2d15af2fd4a2f8fe7c2f88364caf) Importer(815301076,1909f56bfc062723c751e8b465ee728b)
Start importing Assets/Characters/mixamo.com.anim using Guid(392f2d15af2fd4a2f8fe7c2f88364caf) Importer(815301076,1909f56bfc062723c751e8b465ee728b)  -> (artifact id: '2beafbe6f5321a2d9e2dd2984ad7c6f9') in 0.028128 seconds 
  Import took 0.035063 seconds .

========================================================================
Received Import Request.
  Time since last request: 22.445712 seconds.
  path: Assets/Characters/Walk.anim
  artifactKey: Guid(392f2d15af2fd4a2f8fe7c2f88364caf) Importer(815301076,1909f56bfc062723c751e8b465ee728b)
Start importing Assets/Characters/Walk.anim using Guid(392f2d15af2fd4a2f8fe7c2f88364caf) Importer(815301076,1909f56bfc062723c751e8b465ee728b)  -> (artifact id: 'ec8281078995c93f7db43560ae23e833') in 0.028614 seconds 
  Import took 0.037221 seconds .

========================================================================
Received Import Request.
  Time since last request: 188.274700 seconds.
  path: Assets/Animation/Controller.controller
  artifactKey: Guid(d1279a42a4d6a4d44bc08c15b2940a95) Importer(815301076,1909f56bfc062723c751e8b465ee728b)
Start importing Assets/Animation/Controller.controller using Guid(d1279a42a4d6a4d44bc08c15b2940a95) Importer(815301076,1909f56bfc062723c751e8b465ee728b)  -> (artifact id: '4499e42c452aeb8d9cdba5009b28c6de') in 0.404174 seconds 
  Import took 0.413825 seconds .

========================================================================
Received Prepare
Registering precompiled user dll's ...
Registered in 0.004824 seconds.
Begin MonoManager ReloadAssembly
Native extension for WindowsStandalone target not found
Native extension for OSXStandalone target not found
Native extension for WebGL target not found
Refreshing native plugins compatible for Editor in 0.77 ms, found 2 plugins.
Preloading 0 native plugins for Editor in 0.00 ms.
Mono: successfully reloaded assembly
- Completed reload, in  2.147 seconds
Domain Reload Profiling:
	ReloadAssembly (2148ms)
		BeginReloadAssembly (303ms)
			ExecutionOrderSort (0ms)
			DisableScriptedObjects (11ms)
			BackupInstance (0ms)
			ReleaseScriptingObjects (0ms)
			CreateAndSetChildDomain (168ms)
		EndReloadAssembly (1717ms)
			LoadAssemblies (167ms)
			RebuildTransferFunctionScriptingTraits (0ms)
			SetupTypeCache (630ms)
			ReleaseScriptCaches (1ms)
			RebuildScriptCaches (86ms)
			SetupLoadedEditorAssemblies (583ms)
				LogAssemblyErrors (0ms)
				InitializePlatformSupportModulesInManaged (11ms)
				SetLoadedEditorAssemblies (1ms)
				RefreshPlugins (1ms)
				BeforeProcessingInitializeOnLoad (146ms)
				ProcessInitializeOnLoadAttributes (418ms)
				ProcessInitializeOnLoadMethodAttributes (5ms)
				AfterProcessingInitializeOnLoad (2ms)
				EditorAssembliesLoaded (0ms)
			ExecutionOrderSort2 (0ms)
			AwakeInstancesAfterBackupRestoration (12ms)
Platform modules already initialized, skipping
Switching build target platform(2) subTarget(0) extendedPlatform(0) -> platform(13) subTarget(537395200) extendedPlatform(0)
Refreshing native plugins compatible for Editor in 1.64 ms, found 2 plugins.
Preloading 0 native plugins for Editor in 0.00 ms.
Unloading 1694 Unused Serialized files (Serialized files now loaded: 0)
System memory in use before: 207.2 MB.
System memory in use after: 207.3 MB.

Unloading 12 unused Assets to reduce memory usage. Loaded Objects now: 2220.
Total: 7.884199 ms (FindLiveObjects: 0.358286 ms CreateObjectMapping: 0.155158 ms MarkObjects: 7.346546 ms  DeleteObjects: 0.022480 ms)

AssetImportParameters requested are different than current active one (requested -> active):
  custom:video-decoder-ogg-theora: a1e56fd34408186e4bbccfd4996cb3dc -> 
  custom:container-muxer-webm: aa71ff27fc2769a1b78a27578f13a17b -> 
  custom:container-demuxer-webm: 4f35f7cbe854078d1ac9338744f61a02 -> 
  custom:container-demuxer-ogg: 62fdf1f143b41e24485cea50d1cbac27 -> 
  custom:video-encoder-webm-vp8: eb34c28f22e8b96e1ab97ce403110664 -> 
  custom:framework-osx-AVFoundation: e770b220cccbd017edd2c1fefb359320 -> 
  custom:video-decoder-webm-vp8: 9c59270c3fd7afecdb556c50c9e8de78 -> 
  custom:graphics/normal-map-encoding: 01000000000000000000000000000000 -> 02000000000000000000000000000000
  custom:audio-decoder-ogg-vorbis: bf7c407c2cedff20999df2af8eb42d56 -> 
  custom:audio-encoder-webm-vorbis: bf7c407c2cedff20999df2af8eb42d56 -> 
========================================================================
Received Import Request.
  Time since last request: 9525.186554 seconds.
  path: Assets/characterMovement.cs
  artifactKey: Guid(50e3364851a494d27bd46aac4977c6e8) Importer(815301076,1909f56bfc062723c751e8b465ee728b)
Start importing Assets/characterMovement.cs using Guid(50e3364851a494d27bd46aac4977c6e8) Importer(815301076,1909f56bfc062723c751e8b465ee728b)  -> (artifact id: 'a6a90b9e0fbc647079a53f329d4fa9be') in 0.951723 seconds 
  Import took 1.319091 seconds .

========================================================================
Received Prepare
Registering precompiled user dll's ...
Registered in 0.004311 seconds.
Begin MonoManager ReloadAssembly
Native extension for WindowsStandalone target not found
Native extension for OSXStandalone target not found
Native extension for WebGL target not found
Refreshing native plugins compatible for Editor in 0.49 ms, found 2 plugins.
Preloading 0 native plugins for Editor in 0.00 ms.
Mono: successfully reloaded assembly
- Completed reload, in  2.354 seconds
Domain Reload Profiling:
	ReloadAssembly (2364ms)
		BeginReloadAssembly (661ms)
			ExecutionOrderSort (0ms)
			DisableScriptedObjects (48ms)
			BackupInstance (0ms)
			ReleaseScriptingObjects (1ms)
			CreateAndSetChildDomain (469ms)
		EndReloadAssembly (1586ms)
			LoadAssemblies (165ms)
			RebuildTransferFunctionScriptingTraits (0ms)
			SetupTypeCache (558ms)
			ReleaseScriptCaches (1ms)
			RebuildScriptCaches (74ms)
			SetupLoadedEditorAssemblies (563ms)
				LogAssemblyErrors (0ms)
				InitializePlatformSupportModulesInManaged (10ms)
				SetLoadedEditorAssemblies (1ms)
				RefreshPlugins (1ms)
				BeforeProcessingInitializeOnLoad (126ms)
				ProcessInitializeOnLoadAttributes (415ms)
				ProcessInitializeOnLoadMethodAttributes (7ms)
				AfterProcessingInitializeOnLoad (3ms)
				EditorAssembliesLoaded (0ms)
			ExecutionOrderSort2 (0ms)
			AwakeInstancesAfterBackupRestoration (11ms)
Platform modules already initialized, skipping
Switching build target platform(2) subTarget(0) extendedPlatform(0) -> platform(13) subTarget(537395200) extendedPlatform(0)
Refreshing native plugins compatible for Editor in 0.88 ms, found 2 plugins.
Preloading 0 native plugins for Editor in 0.00 ms.
Unloading 1694 Unused Serialized files (Serialized files now loaded: 0)
System memory in use before: 212.0 MB.
System memory in use after: 212.1 MB.

Unloading 11 unused Assets to reduce memory usage. Loaded Objects now: 2222.
Total: 5.234151 ms (FindLiveObjects: 0.550979 ms CreateObjectMapping: 0.076590 ms MarkObjects: 4.546067 ms  DeleteObjects: 0.057724 ms)

AssetImportParameters requested are different than current active one (requested -> active):
  custom:video-decoder-ogg-theora: a1e56fd34408186e4bbccfd4996cb3dc -> 
  custom:container-muxer-webm: aa71ff27fc2769a1b78a27578f13a17b -> 
  custom:container-demuxer-webm: 4f35f7cbe854078d1ac9338744f61a02 -> 
  custom:container-demuxer-ogg: 62fdf1f143b41e24485cea50d1cbac27 -> 
  custom:video-encoder-webm-vp8: eb34c28f22e8b96e1ab97ce403110664 -> 
  custom:framework-osx-AVFoundation: e770b220cccbd017edd2c1fefb359320 -> 
  custom:video-decoder-webm-vp8: 9c59270c3fd7afecdb556c50c9e8de78 -> 
  custom:graphics/normal-map-encoding: 01000000000000000000000000000000 -> 02000000000000000000000000000000
  custom:audio-decoder-ogg-vorbis: bf7c407c2cedff20999df2af8eb42d56 -> 
  custom:audio-encoder-webm-vorbis: bf7c407c2cedff20999df2af8eb42d56 -> 
========================================================================
Received Prepare
Registering precompiled user dll's ...
Registered in 0.003382 seconds.
Begin MonoManager ReloadAssembly
Native extension for WindowsStandalone target not found
Native extension for OSXStandalone target not found
Native extension for WebGL target not found
Refreshing native plugins compatible for Editor in 0.47 ms, found 2 plugins.
Preloading 0 native plugins for Editor in 0.00 ms.
Mono: successfully reloaded assembly
- Completed reload, in  1.861 seconds
Domain Reload Profiling:
	ReloadAssembly (1863ms)
		BeginReloadAssembly (229ms)
			ExecutionOrderSort (0ms)
			DisableScriptedObjects (13ms)
			BackupInstance (0ms)
			ReleaseScriptingObjects (0ms)
			CreateAndSetChildDomain (118ms)
		EndReloadAssembly (1519ms)
			LoadAssemblies (137ms)
			RebuildTransferFunctionScriptingTraits (0ms)
			SetupTypeCache (556ms)
			ReleaseScriptCaches (1ms)
			RebuildScriptCaches (74ms)
			SetupLoadedEditorAssemblies (538ms)
				LogAssemblyErrors (0ms)
				InitializePlatformSupportModulesInManaged (8ms)
				SetLoadedEditorAssemblies (1ms)
				RefreshPlugins (1ms)
				BeforeProcessingInitializeOnLoad (143ms)
				ProcessInitializeOnLoadAttributes (377ms)
				ProcessInitializeOnLoadMethodAttributes (5ms)
				AfterProcessingInitializeOnLoad (2ms)
				EditorAssembliesLoaded (1ms)
			ExecutionOrderSort2 (0ms)
			AwakeInstancesAfterBackupRestoration (10ms)
Platform modules already initialized, skipping
Switching build target platform(2) subTarget(0) extendedPlatform(0) -> platform(13) subTarget(537395200) extendedPlatform(0)
Refreshing native plugins compatible for Editor in 0.50 ms, found 2 plugins.
Preloading 0 native plugins for Editor in 0.00 ms.
Unloading 1694 Unused Serialized files (Serialized files now loaded: 0)
System memory in use before: 212.2 MB.
System memory in use after: 212.3 MB.

Unloading 11 unused Assets to reduce memory usage. Loaded Objects now: 2224.
Total: 3.915259 ms (FindLiveObjects: 0.225217 ms CreateObjectMapping: 0.074402 ms MarkObjects: 3.589451 ms  DeleteObjects: 0.025084 ms)

AssetImportParameters requested are different than current active one (requested -> active):
  custom:video-decoder-ogg-theora: a1e56fd34408186e4bbccfd4996cb3dc -> 
  custom:container-muxer-webm: aa71ff27fc2769a1b78a27578f13a17b -> 
  custom:container-demuxer-webm: 4f35f7cbe854078d1ac9338744f61a02 -> 
  custom:container-demuxer-ogg: 62fdf1f143b41e24485cea50d1cbac27 -> 
  custom:video-encoder-webm-vp8: eb34c28f22e8b96e1ab97ce403110664 -> 
  custom:framework-osx-AVFoundation: e770b220cccbd017edd2c1fefb359320 -> 
  custom:video-decoder-webm-vp8: 9c59270c3fd7afecdb556c50c9e8de78 -> 
  custom:graphics/normal-map-encoding: 01000000000000000000000000000000 -> 02000000000000000000000000000000
  custom:audio-decoder-ogg-vorbis: bf7c407c2cedff20999df2af8eb42d56 -> 
  custom:audio-encoder-webm-vorbis: bf7c407c2cedff20999df2af8eb42d56 -> 
========================================================================
Received Prepare
Registering precompiled user dll's ...
Registered in 0.005772 seconds.
Begin MonoManager ReloadAssembly
Native extension for WindowsStandalone target not found
Native extension for OSXStandalone target not found
Native extension for WebGL target not found
Refreshing native plugins compatible for Editor in 0.84 ms, found 2 plugins.
Preloading 0 native plugins for Editor in 0.00 ms.
Mono: successfully reloaded assembly
- Completed reload, in  2.068 seconds
Domain Reload Profiling:
	ReloadAssembly (2069ms)
		BeginReloadAssembly (259ms)
			ExecutionOrderSort (0ms)
			DisableScriptedObjects (9ms)
			BackupInstance (0ms)
			ReleaseScriptingObjects (0ms)
			CreateAndSetChildDomain (145ms)
		EndReloadAssembly (1695ms)
			LoadAssemblies (153ms)
			RebuildTransferFunctionScriptingTraits (0ms)
			SetupTypeCache (688ms)
			ReleaseScriptCaches (1ms)
			RebuildScriptCaches (75ms)
			SetupLoadedEditorAssemblies (546ms)
				LogAssemblyErrors (0ms)
				InitializePlatformSupportModulesInManaged (12ms)
				SetLoadedEditorAssemblies (1ms)
				RefreshPlugins (1ms)
				BeforeProcessingInitializeOnLoad (133ms)
				ProcessInitializeOnLoadAttributes (391ms)
				ProcessInitializeOnLoadMethodAttributes (4ms)
				AfterProcessingInitializeOnLoad (2ms)
				EditorAssembliesLoaded (1ms)
			ExecutionOrderSort2 (0ms)
			AwakeInstancesAfterBackupRestoration (11ms)
Platform modules already initialized, skipping
Switching build target platform(2) subTarget(0) extendedPlatform(0) -> platform(13) subTarget(537395200) extendedPlatform(0)
Refreshing native plugins compatible for Editor in 0.34 ms, found 2 plugins.
Preloading 0 native plugins for Editor in 0.00 ms.
Unloading 1694 Unused Serialized files (Serialized files now loaded: 0)
System memory in use before: 212.4 MB.
System memory in use after: 212.5 MB.

Unloading 11 unused Assets to reduce memory usage. Loaded Objects now: 2226.
Total: 3.944026 ms (FindLiveObjects: 0.224004 ms CreateObjectMapping: 0.067775 ms MarkObjects: 3.630404 ms  DeleteObjects: 0.020597 ms)

AssetImportParameters requested are different than current active one (requested -> active):
  custom:video-decoder-ogg-theora: a1e56fd34408186e4bbccfd4996cb3dc -> 
  custom:container-muxer-webm: aa71ff27fc2769a1b78a27578f13a17b -> 
  custom:container-demuxer-webm: 4f35f7cbe854078d1ac9338744f61a02 -> 
  custom:container-demuxer-ogg: 62fdf1f143b41e24485cea50d1cbac27 -> 
  custom:video-encoder-webm-vp8: eb34c28f22e8b96e1ab97ce403110664 -> 
  custom:framework-osx-AVFoundation: e770b220cccbd017edd2c1fefb359320 -> 
  custom:video-decoder-webm-vp8: 9c59270c3fd7afecdb556c50c9e8de78 -> 
  custom:graphics/normal-map-encoding: 01000000000000000000000000000000 -> 02000000000000000000000000000000
  custom:audio-decoder-ogg-vorbis: bf7c407c2cedff20999df2af8eb42d56 -> 
  custom:audio-encoder-webm-vorbis: bf7c407c2cedff20999df2af8eb42d56 -> 
========================================================================
Received Prepare
Registering precompiled user dll's ...
Registered in 0.004355 seconds.
Begin MonoManager ReloadAssembly
Native extension for WindowsStandalone target not found
Native extension for OSXStandalone target not found
Native extension for WebGL target not found
Refreshing native plugins compatible for Editor in 0.54 ms, found 2 plugins.
Preloading 0 native plugins for Editor in 0.00 ms.
Mono: successfully reloaded assembly
- Completed reload, in  1.681 seconds
Domain Reload Profiling:
	ReloadAssembly (1685ms)
		BeginReloadAssembly (184ms)
			ExecutionOrderSort (0ms)
			DisableScriptedObjects (8ms)
			BackupInstance (0ms)
			ReleaseScriptingObjects (0ms)
			CreateAndSetChildDomain (96ms)
		EndReloadAssembly (1402ms)
			LoadAssemblies (123ms)
			RebuildTransferFunctionScriptingTraits (0ms)
			SetupTypeCache (486ms)
			ReleaseScriptCaches (1ms)
			RebuildScriptCaches (75ms)
			SetupLoadedEditorAssemblies (486ms)
				LogAssemblyErrors (0ms)
				InitializePlatformSupportModulesInManaged (9ms)
				SetLoadedEditorAssemblies (1ms)
				RefreshPlugins (1ms)
				BeforeProcessingInitializeOnLoad (121ms)
				ProcessInitializeOnLoadAttributes (347ms)
				ProcessInitializeOnLoadMethodAttributes (5ms)
				AfterProcessingInitializeOnLoad (2ms)
				EditorAssembliesLoaded (0ms)
			ExecutionOrderSort2 (0ms)
			AwakeInstancesAfterBackupRestoration (11ms)
Platform modules already initialized, skipping
Switching build target platform(2) subTarget(0) extendedPlatform(0) -> platform(13) subTarget(537395200) extendedPlatform(0)
Refreshing native plugins compatible for Editor in 0.87 ms, found 2 plugins.
Preloading 0 native plugins for Editor in 0.00 ms.
Unloading 1694 Unused Serialized files (Serialized files now loaded: 0)
System memory in use before: 212.6 MB.
System memory in use after: 212.7 MB.

Unloading 11 unused Assets to reduce memory usage. Loaded Objects now: 2228.
Total: 6.933662 ms (FindLiveObjects: 0.390524 ms CreateObjectMapping: 0.114851 ms MarkObjects: 5.838019 ms  DeleteObjects: 0.588411 ms)

AssetImportParameters requested are different than current active one (requested -> active):
  custom:video-decoder-ogg-theora: a1e56fd34408186e4bbccfd4996cb3dc -> 
  custom:container-muxer-webm: aa71ff27fc2769a1b78a27578f13a17b -> 
  custom:container-demuxer-webm: 4f35f7cbe854078d1ac9338744f61a02 -> 
  custom:container-demuxer-ogg: 62fdf1f143b41e24485cea50d1cbac27 -> 
  custom:video-encoder-webm-vp8: eb34c28f22e8b96e1ab97ce403110664 -> 
  custom:framework-osx-AVFoundation: e770b220cccbd017edd2c1fefb359320 -> 
  custom:video-decoder-webm-vp8: 9c59270c3fd7afecdb556c50c9e8de78 -> 
  custom:graphics/normal-map-encoding: 01000000000000000000000000000000 -> 02000000000000000000000000000000
  custom:audio-decoder-ogg-vorbis: bf7c407c2cedff20999df2af8eb42d56 -> 
  custom:audio-encoder-webm-vorbis: bf7c407c2cedff20999df2af8eb42d56 -> 
========================================================================
Received Prepare
Registering precompiled user dll's ...
Registered in 0.001927 seconds.
Begin MonoManager ReloadAssembly
Native extension for WindowsStandalone target not found
Native extension for OSXStandalone target not found
Native extension for WebGL target not found
Refreshing native plugins compatible for Editor in 0.48 ms, found 2 plugins.
Preloading 0 native plugins for Editor in 0.00 ms.
Mono: successfully reloaded assembly
- Completed reload, in  1.994 seconds
Domain Reload Profiling:
	ReloadAssembly (1995ms)
		BeginReloadAssembly (241ms)
			ExecutionOrderSort (0ms)
			DisableScriptedObjects (9ms)
			BackupInstance (0ms)
			ReleaseScriptingObjects (0ms)
			CreateAndSetChildDomain (122ms)
		EndReloadAssembly (1619ms)
			LoadAssemblies (147ms)
			RebuildTransferFunctionScriptingTraits (0ms)
			SetupTypeCache (682ms)
			ReleaseScriptCaches (2ms)
			RebuildScriptCaches (79ms)
			SetupLoadedEditorAssemblies (495ms)
				LogAssemblyErrors (0ms)
				InitializePlatformSupportModulesInManaged (7ms)
				SetLoadedEditorAssemblies (1ms)
				RefreshPlugins (1ms)
				BeforeProcessingInitializeOnLoad (126ms)
				ProcessInitializeOnLoadAttributes (355ms)
				ProcessInitializeOnLoadMethodAttributes (4ms)
				AfterProcessingInitializeOnLoad (2ms)
				EditorAssembliesLoaded (0ms)
			ExecutionOrderSort2 (0ms)
			AwakeInstancesAfterBackupRestoration (10ms)
Platform modules already initialized, skipping
Switching build target platform(2) subTarget(0) extendedPlatform(0) -> platform(13) subTarget(537395200) extendedPlatform(0)
Refreshing native plugins compatible for Editor in 0.46 ms, found 2 plugins.
Preloading 0 native plugins for Editor in 0.00 ms.
Unloading 1694 Unused Serialized files (Serialized files now loaded: 0)
System memory in use before: 212.8 MB.
System memory in use after: 212.9 MB.

Unloading 11 unused Assets to reduce memory usage. Loaded Objects now: 2230.
Total: 5.268148 ms (FindLiveObjects: 0.287565 ms CreateObjectMapping: 0.077861 ms MarkObjects: 4.305256 ms  DeleteObjects: 0.596055 ms)

AssetImportParameters requested are different than current active one (requested -> active):
  custom:video-decoder-ogg-theora: a1e56fd34408186e4bbccfd4996cb3dc -> 
  custom:container-muxer-webm: aa71ff27fc2769a1b78a27578f13a17b -> 
  custom:container-demuxer-webm: 4f35f7cbe854078d1ac9338744f61a02 -> 
  custom:container-demuxer-ogg: 62fdf1f143b41e24485cea50d1cbac27 -> 
  custom:video-encoder-webm-vp8: eb34c28f22e8b96e1ab97ce403110664 -> 
  custom:framework-osx-AVFoundation: e770b220cccbd017edd2c1fefb359320 -> 
  custom:video-decoder-webm-vp8: 9c59270c3fd7afecdb556c50c9e8de78 -> 
  custom:graphics/normal-map-encoding: 01000000000000000000000000000000 -> 02000000000000000000000000000000
  custom:audio-decoder-ogg-vorbis: bf7c407c2cedff20999df2af8eb42d56 -> 
  custom:audio-encoder-webm-vorbis: bf7c407c2cedff20999df2af8eb42d56 -> 
========================================================================
Received Prepare
Refreshing native plugins compatible for Editor in 5.04 ms, found 2 plugins.
Preloading 0 native plugins for Editor in 0.00 ms.
Unloading 9 Unused Serialized files (Serialized files now loaded: 0)
System memory in use before: 179.8 MB.
System memory in use after: 179.9 MB.

Unloading 9 unused Assets to reduce memory usage. Loaded Objects now: 2230.
Total: 4.796757 ms (FindLiveObjects: 0.341084 ms CreateObjectMapping: 0.107632 ms MarkObjects: 3.718120 ms  DeleteObjects: 0.629032 ms)

AssetImportParameters requested are different than current active one (requested -> active):
  custom:video-decoder-ogg-theora: a1e56fd34408186e4bbccfd4996cb3dc -> 
  custom:container-muxer-webm: aa71ff27fc2769a1b78a27578f13a17b -> 
  custom:container-demuxer-webm: 4f35f7cbe854078d1ac9338744f61a02 -> 
  custom:container-demuxer-ogg: 62fdf1f143b41e24485cea50d1cbac27 -> 
  custom:video-encoder-webm-vp8: eb34c28f22e8b96e1ab97ce403110664 -> 
  custom:framework-osx-AVFoundation: e770b220cccbd017edd2c1fefb359320 -> 
  custom:video-decoder-webm-vp8: 9c59270c3fd7afecdb556c50c9e8de78 -> 
  custom:audio-decoder-ogg-vorbis: bf7c407c2cedff20999df2af8eb42d56 -> 
  custom:audio-encoder-webm-vorbis: bf7c407c2cedff20999df2af8eb42d56 -> 
========================================================================
Received Prepare
Refreshing native plugins compatible for Editor in 4.54 ms, found 2 plugins.
Preloading 0 native plugins for Editor in 0.00 ms.
Unloading 9 Unused Serialized files (Serialized files now loaded: 0)
System memory in use before: 179.8 MB.
System memory in use after: 179.9 MB.

Unloading 9 unused Assets to reduce memory usage. Loaded Objects now: 2230.
Total: 12.293527 ms (FindLiveObjects: 1.271095 ms CreateObjectMapping: 0.556646 ms MarkObjects: 10.395546 ms  DeleteObjects: 0.067921 ms)

AssetImportParameters requested are different than current active one (requested -> active):
  custom:video-decoder-ogg-theora: a1e56fd34408186e4bbccfd4996cb3dc -> 
  custom:container-muxer-webm: aa71ff27fc2769a1b78a27578f13a17b -> 
  custom:container-demuxer-webm: 4f35f7cbe854078d1ac9338744f61a02 -> 
  custom:container-demuxer-ogg: 62fdf1f143b41e24485cea50d1cbac27 -> 
  custom:video-encoder-webm-vp8: eb34c28f22e8b96e1ab97ce403110664 -> 
  custom:framework-osx-AVFoundation: e770b220cccbd017edd2c1fefb359320 -> 
  custom:video-decoder-webm-vp8: 9c59270c3fd7afecdb556c50c9e8de78 -> 
  custom:audio-decoder-ogg-vorbis: bf7c407c2cedff20999df2af8eb42d56 -> 
  custom:audio-encoder-webm-vorbis: bf7c407c2cedff20999df2af8eb42d56 -> 
========================================================================
Received Prepare
Registering precompiled user dll's ...
Registered in 0.008720 seconds.
Begin MonoManager ReloadAssembly
Native extension for WindowsStandalone target not found
Native extension for OSXStandalone target not found
Native extension for WebGL target not found
Refreshing native plugins compatible for Editor in 0.46 ms, found 2 plugins.
Preloading 0 native plugins for Editor in 0.00 ms.
Mono: successfully reloaded assembly
- Completed reload, in  2.044 seconds
Domain Reload Profiling:
	ReloadAssembly (2046ms)
		BeginReloadAssembly (298ms)
			ExecutionOrderSort (0ms)
			DisableScriptedObjects (20ms)
			BackupInstance (0ms)
			ReleaseScriptingObjects (0ms)
			CreateAndSetChildDomain (163ms)
		EndReloadAssembly (1607ms)
			LoadAssemblies (173ms)
			RebuildTransferFunctionScriptingTraits (0ms)
			SetupTypeCache (598ms)
			ReleaseScriptCaches (1ms)
			RebuildScriptCaches (78ms)
			SetupLoadedEditorAssemblies (522ms)
				LogAssemblyErrors (0ms)
				InitializePlatformSupportModulesInManaged (9ms)
				SetLoadedEditorAssemblies (1ms)
				RefreshPlugins (0ms)
				BeforeProcessingInitializeOnLoad (126ms)
				ProcessInitializeOnLoadAttributes (378ms)
				ProcessInitializeOnLoadMethodAttributes (5ms)
				AfterProcessingInitializeOnLoad (2ms)
				EditorAssembliesLoaded (0ms)
			ExecutionOrderSort2 (0ms)
			AwakeInstancesAfterBackupRestoration (11ms)
Platform modules already initialized, skipping
Switching build target platform(2) subTarget(0) extendedPlatform(0) -> platform(13) subTarget(537395200) extendedPlatform(0)
Refreshing native plugins compatible for Editor in 0.58 ms, found 2 plugins.
Preloading 0 native plugins for Editor in 0.00 ms.
Unloading 1694 Unused Serialized files (Serialized files now loaded: 0)
System memory in use before: 213.0 MB.
System memory in use after: 213.1 MB.

Unloading 11 unused Assets to reduce memory usage. Loaded Objects now: 2232.
Total: 3.929787 ms (FindLiveObjects: 0.256939 ms CreateObjectMapping: 0.064060 ms MarkObjects: 3.590570 ms  DeleteObjects: 0.017221 ms)

AssetImportParameters requested are different than current active one (requested -> active):
  custom:video-decoder-ogg-theora: a1e56fd34408186e4bbccfd4996cb3dc -> 
  custom:container-muxer-webm: aa71ff27fc2769a1b78a27578f13a17b -> 
  custom:container-demuxer-webm: 4f35f7cbe854078d1ac9338744f61a02 -> 
  custom:container-demuxer-ogg: 62fdf1f143b41e24485cea50d1cbac27 -> 
  custom:video-encoder-webm-vp8: eb34c28f22e8b96e1ab97ce403110664 -> 
  custom:framework-osx-AVFoundation: e770b220cccbd017edd2c1fefb359320 -> 
  custom:video-decoder-webm-vp8: 9c59270c3fd7afecdb556c50c9e8de78 -> 
  custom:graphics/normal-map-encoding: 01000000000000000000000000000000 -> 02000000000000000000000000000000
  custom:audio-decoder-ogg-vorbis: bf7c407c2cedff20999df2af8eb42d56 -> 
  custom:audio-encoder-webm-vorbis: bf7c407c2cedff20999df2af8eb42d56 -> 
========================================================================
Received Prepare
Registering precompiled user dll's ...
Registered in 0.004760 seconds.
Begin MonoManager ReloadAssembly
Native extension for WindowsStandalone target not found
Native extension for OSXStandalone target not found
Native extension for WebGL target not found
Refreshing native plugins compatible for Editor in 0.45 ms, found 2 plugins.
Preloading 0 native plugins for Editor in 0.00 ms.
Mono: successfully reloaded assembly
- Completed reload, in  2.723 seconds
Domain Reload Profiling:
	ReloadAssembly (2754ms)
		BeginReloadAssembly (1051ms)
			ExecutionOrderSort (0ms)
			DisableScriptedObjects (104ms)
			BackupInstance (0ms)
			ReleaseScriptingObjects (3ms)
			CreateAndSetChildDomain (684ms)
		EndReloadAssembly (1568ms)
			LoadAssemblies (205ms)
			RebuildTransferFunctionScriptingTraits (0ms)
			SetupTypeCache (568ms)
			ReleaseScriptCaches (2ms)
			RebuildScriptCaches (68ms)
			SetupLoadedEditorAssemblies (488ms)
				LogAssemblyErrors (0ms)
				InitializePlatformSupportModulesInManaged (7ms)
				SetLoadedEditorAssemblies (1ms)
				RefreshPlugins (0ms)
				BeforeProcessingInitializeOnLoad (126ms)
				ProcessInitializeOnLoadAttributes (346ms)
				ProcessInitializeOnLoadMethodAttributes (6ms)
				AfterProcessingInitializeOnLoad (2ms)
				EditorAssembliesLoaded (0ms)
			ExecutionOrderSort2 (0ms)
			AwakeInstancesAfterBackupRestoration (10ms)
Platform modules already initialized, skipping
Switching build target platform(2) subTarget(0) extendedPlatform(0) -> platform(13) subTarget(537395200) extendedPlatform(0)
Refreshing native plugins compatible for Editor in 0.45 ms, found 2 plugins.
Preloading 0 native plugins for Editor in 0.00 ms.
Unloading 1694 Unused Serialized files (Serialized files now loaded: 0)
System memory in use before: 213.2 MB.
System memory in use after: 213.3 MB.

Unloading 11 unused Assets to reduce memory usage. Loaded Objects now: 2234.
Total: 9.224558 ms (FindLiveObjects: 2.723944 ms CreateObjectMapping: 0.177642 ms MarkObjects: 6.240367 ms  DeleteObjects: 0.080399 ms)

AssetImportParameters requested are different than current active one (requested -> active):
  custom:video-decoder-ogg-theora: a1e56fd34408186e4bbccfd4996cb3dc -> 
  custom:container-muxer-webm: aa71ff27fc2769a1b78a27578f13a17b -> 
  custom:container-demuxer-webm: 4f35f7cbe854078d1ac9338744f61a02 -> 
  custom:container-demuxer-ogg: 62fdf1f143b41e24485cea50d1cbac27 -> 
  custom:video-encoder-webm-vp8: eb34c28f22e8b96e1ab97ce403110664 -> 
  custom:framework-osx-AVFoundation: e770b220cccbd017edd2c1fefb359320 -> 
  custom:video-decoder-webm-vp8: 9c59270c3fd7afecdb556c50c9e8de78 -> 
  custom:graphics/normal-map-encoding: 01000000000000000000000000000000 -> 02000000000000000000000000000000
  custom:audio-decoder-ogg-vorbis: bf7c407c2cedff20999df2af8eb42d56 -> 
  custom:audio-encoder-webm-vorbis: bf7c407c2cedff20999df2af8eb42d56 -> 
========================================================================
Received Prepare
Registering precompiled user dll's ...
Registered in 0.002025 seconds.
Begin MonoManager ReloadAssembly
Native extension for WindowsStandalone target not found
Native extension for OSXStandalone target not found
Native extension for WebGL target not found
Refreshing native plugins compatible for Editor in 0.48 ms, found 2 plugins.
Preloading 0 native plugins for Editor in 0.00 ms.
Mono: successfully reloaded assembly
- Completed reload, in  1.566 seconds
Domain Reload Profiling:
	ReloadAssembly (1567ms)
		BeginReloadAssembly (173ms)
			ExecutionOrderSort (0ms)
			DisableScriptedObjects (7ms)
			BackupInstance (0ms)
			ReleaseScriptingObjects (0ms)
			CreateAndSetChildDomain (86ms)
		EndReloadAssembly (1306ms)
			LoadAssemblies (96ms)
			RebuildTransferFunctionScriptingTraits (0ms)
			SetupTypeCache (475ms)
			ReleaseScriptCaches (1ms)
			RebuildScriptCaches (72ms)
			SetupLoadedEditorAssemblies (459ms)
				LogAssemblyErrors (0ms)
				InitializePlatformSupportModulesInManaged (7ms)
				SetLoadedEditorAssemblies (1ms)
				RefreshPlugins (1ms)
				BeforeProcessingInitializeOnLoad (117ms)
				ProcessInitializeOnLoadAttributes (328ms)
				ProcessInitializeOnLoadMethodAttributes (5ms)
				AfterProcessingInitializeOnLoad (2ms)
				EditorAssembliesLoaded (0ms)
			ExecutionOrderSort2 (0ms)
			AwakeInstancesAfterBackupRestoration (9ms)
Platform modules already initialized, skipping
Switching build target platform(2) subTarget(0) extendedPlatform(0) -> platform(13) subTarget(537395200) extendedPlatform(0)
Refreshing native plugins compatible for Editor in 0.97 ms, found 2 plugins.
Preloading 0 native plugins for Editor in 0.00 ms.
Unloading 1694 Unused Serialized files (Serialized files now loaded: 0)
System memory in use before: 213.4 MB.
System memory in use after: 213.5 MB.

Unloading 11 unused Assets to reduce memory usage. Loaded Objects now: 2236.
Total: 3.665403 ms (FindLiveObjects: 0.183830 ms CreateObjectMapping: 0.062073 ms MarkObjects: 3.390164 ms  DeleteObjects: 0.028432 ms)

AssetImportParameters requested are different than current active one (requested -> active):
  custom:video-decoder-ogg-theora: a1e56fd34408186e4bbccfd4996cb3dc -> 
  custom:container-muxer-webm: aa71ff27fc2769a1b78a27578f13a17b -> 
  custom:container-demuxer-webm: 4f35f7cbe854078d1ac9338744f61a02 -> 
  custom:container-demuxer-ogg: 62fdf1f143b41e24485cea50d1cbac27 -> 
  custom:video-encoder-webm-vp8: eb34c28f22e8b96e1ab97ce403110664 -> 
  custom:framework-osx-AVFoundation: e770b220cccbd017edd2c1fefb359320 -> 
  custom:video-decoder-webm-vp8: 9c59270c3fd7afecdb556c50c9e8de78 -> 
  custom:graphics/normal-map-encoding: 01000000000000000000000000000000 -> 02000000000000000000000000000000
  custom:audio-decoder-ogg-vorbis: bf7c407c2cedff20999df2af8eb42d56 -> 
  custom:audio-encoder-webm-vorbis: bf7c407c2cedff20999df2af8eb42d56 -> 
========================================================================
Received Import Request.
  Time since last request: 65704.150176 seconds.
  path: Assets/Characters/Idle.anim
  artifactKey: Guid(9666a757896304de496033e16ecfe4e4) Importer(815301076,1909f56bfc062723c751e8b465ee728b)
Start importing Assets/Characters/Idle.anim using Guid(9666a757896304de496033e16ecfe4e4) Importer(815301076,1909f56bfc062723c751e8b465ee728b)  -> (artifact id: 'b37b034e41905ef3cfad03502e34b742') in 0.260498 seconds 
  Import took 0.269022 seconds .

========================================================================
Received Import Request.
  Time since last request: 40.642476 seconds.
  path: Assets/Characters/Running.fbx
  artifactKey: Guid(7c4e9f19731db4ac5ab3474f3a63f986) Importer(815301076,1909f56bfc062723c751e8b465ee728b)
Start importing Assets/Characters/Running.fbx using Guid(7c4e9f19731db4ac5ab3474f3a63f986) Importer(815301076,1909f56bfc062723c751e8b465ee728b)  -> (artifact id: '3e9df6589c75fa07dcf217f473898e4b') in 0.569706 seconds 
  Import took 0.576211 seconds .

========================================================================
Received Import Request.
  Time since last request: 24.910554 seconds.
  path: Assets/Characters/Running.anim
  artifactKey: Guid(acc9fcab3425e4b3180572e52ba2f13b) Importer(815301076,1909f56bfc062723c751e8b465ee728b)
Start importing Assets/Characters/Running.anim using Guid(acc9fcab3425e4b3180572e52ba2f13b) Importer(815301076,1909f56bfc062723c751e8b465ee728b)  -> (artifact id: '43caf5c1053fb440fcd95967fb80fedf') in 0.013859 seconds 
  Import took 0.018649 seconds .

========================================================================
Received Import Request.
  Time since last request: 2.790766 seconds.
  path: Assets/Characters/Walk.anim
  artifactKey: Guid(392f2d15af2fd4a2f8fe7c2f88364caf) Importer(815301076,1909f56bfc062723c751e8b465ee728b)
Start importing Assets/Characters/Walk.anim using Guid(392f2d15af2fd4a2f8fe7c2f88364caf) Importer(815301076,1909f56bfc062723c751e8b465ee728b)  -> (artifact id: 'a53298a991d60abebd012b6db054d266') in 0.018805 seconds 
  Import took 0.024836 seconds .

========================================================================
Received Import Request.
  Time since last request: 49.767750 seconds.
  path: Assets/Scenes
  artifactKey: Guid(d1f64545371d64444be8a4836b3b15d6) Importer(815301076,1909f56bfc062723c751e8b465ee728b)
Start importing Assets/Scenes using Guid(d1f64545371d64444be8a4836b3b15d6) Importer(815301076,1909f56bfc062723c751e8b465ee728b)  -> (artifact id: 'cdc782ea024d5221bc95a9bd0ce6c89c') in 0.001321 seconds 
  Import took 0.005832 seconds .

========================================================================
Received Import Request.
  Time since last request: 1.188286 seconds.
  path: Assets/Scenes/SampleScene.unity
  artifactKey: Guid(9fc0d4010bbf28b4594072e72b8655ab) Importer(815301076,1909f56bfc062723c751e8b465ee728b)
Start importing Assets/Scenes/SampleScene.unity using Guid(9fc0d4010bbf28b4594072e72b8655ab) Importer(815301076,1909f56bfc062723c751e8b465ee728b)  -> (artifact id: '35a43000117f78d7f48249a57fcd5431') in 0.002065 seconds 
  Import took 0.007470 seconds .

========================================================================
Received Prepare
Registering precompiled user dll's ...
Registered in 0.001695 seconds.
Begin MonoManager ReloadAssembly
Native extension for WindowsStandalone target not found
Native extension for OSXStandalone target not found
Native extension for WebGL target not found
Refreshing native plugins compatible for Editor in 0.45 ms, found 2 plugins.
Preloading 0 native plugins for Editor in 0.00 ms.
Mono: successfully reloaded assembly
- Completed reload, in  1.445 seconds
Domain Reload Profiling:
	ReloadAssembly (1445ms)
		BeginReloadAssembly (159ms)
			ExecutionOrderSort (0ms)
			DisableScriptedObjects (7ms)
			BackupInstance (0ms)
			ReleaseScriptingObjects (0ms)
			CreateAndSetChildDomain (82ms)
		EndReloadAssembly (1202ms)
			LoadAssemblies (87ms)
			RebuildTransferFunctionScriptingTraits (0ms)
			SetupTypeCache (427ms)
			ReleaseScriptCaches (1ms)
			RebuildScriptCaches (61ms)
			SetupLoadedEditorAssemblies (424ms)
				LogAssemblyErrors (0ms)
				InitializePlatformSupportModulesInManaged (8ms)
				SetLoadedEditorAssemblies (1ms)
				RefreshPlugins (1ms)
				BeforeProcessingInitializeOnLoad (113ms)
				ProcessInitializeOnLoadAttributes (295ms)
				ProcessInitializeOnLoadMethodAttributes (5ms)
				AfterProcessingInitializeOnLoad (2ms)
				EditorAssembliesLoaded (0ms)
			ExecutionOrderSort2 (0ms)
			AwakeInstancesAfterBackupRestoration (9ms)
Platform modules already initialized, skipping
Switching build target platform(2) subTarget(0) extendedPlatform(0) -> platform(13) subTarget(537395200) extendedPlatform(0)
Refreshing native plugins compatible for Editor in 0.46 ms, found 2 plugins.
Preloading 0 native plugins for Editor in 0.00 ms.
Unloading 1694 Unused Serialized files (Serialized files now loaded: 0)
System memory in use before: 213.6 MB.
System memory in use after: 213.7 MB.

Unloading 11 unused Assets to reduce memory usage. Loaded Objects now: 2239.
Total: 3.480124 ms (FindLiveObjects: 0.200092 ms CreateObjectMapping: 0.062591 ms MarkObjects: 3.201416 ms  DeleteObjects: 0.015147 ms)

AssetImportParameters requested are different than current active one (requested -> active):
  custom:video-decoder-ogg-theora: a1e56fd34408186e4bbccfd4996cb3dc -> 
  custom:container-muxer-webm: aa71ff27fc2769a1b78a27578f13a17b -> 
  custom:container-demuxer-webm: 4f35f7cbe854078d1ac9338744f61a02 -> 
  custom:container-demuxer-ogg: 62fdf1f143b41e24485cea50d1cbac27 -> 
  custom:video-encoder-webm-vp8: eb34c28f22e8b96e1ab97ce403110664 -> 
  custom:framework-osx-AVFoundation: e770b220cccbd017edd2c1fefb359320 -> 
  custom:video-decoder-webm-vp8: 9c59270c3fd7afecdb556c50c9e8de78 -> 
  custom:graphics/normal-map-encoding: 01000000000000000000000000000000 -> 02000000000000000000000000000000
  custom:audio-decoder-ogg-vorbis: bf7c407c2cedff20999df2af8eb42d56 -> 
  custom:audio-encoder-webm-vorbis: bf7c407c2cedff20999df2af8eb42d56 -> 
========================================================================
Received Import Request.
  Time since last request: 93.778715 seconds.
  path: Assets/Scenes/SampleScene1.unity
  artifactKey: Guid(75d01802ae4bd4b148ce39fb5302ded7) Importer(815301076,1909f56bfc062723c751e8b465ee728b)
Start importing Assets/Scenes/SampleScene1.unity using Guid(75d01802ae4bd4b148ce39fb5302ded7) Importer(815301076,1909f56bfc062723c751e8b465ee728b)  -> (artifact id: '8eec3a3b7a8c201f38857c7dc0a57441') in 0.020336 seconds 
  Import took 0.027511 seconds .

